# JRE version: OpenJDK Runtime Environment Temurin-17.0.10+7 (17.0.10+7) (build 17.0.10+7)
# Java VM: OpenJDK 64-Bit Server VM Temurin-17.0.10+7 (17.0.10+7, mixed mode, tiered, compressed oops, compressed class ptrs, parallel gc, windows-amd64)
GC Precious Log:
 CPUs: 8 total, 8 available
 Memory: 16253M
 Large Page Support: Disabled
 NUMA Support: Disabled
 Compressed Oops: Enabled (32-bit)
 Alignments: Space 512K, Generation 512K, Heap 2M
 Heap Min Capacity: 100M
 Heap Initial Capacity: 100M
 Heap Max Capacity: 1G
 Pre-touch: Disabled
 Parallel Workers: 8
Heap:
 PSYoungGen      total 5632K, used 832K [0x00000000eab00000, 0x00000000eb180000, 0x0000000100000000)
  eden space 4608K, 0% used [0x00000000eab00000,0x00000000eab00000,0x00000000eaf80000)
  from space 1024K, 81% used [0x00000000eaf80000,0x00000000eb050000,0x00000000eb080000)
  to   space 1024K, 0% used [0x00000000eb080000,0x00000000eb080000,0x00000000eb180000)
 ParOldGen       total 315904K, used 315814K [0x00000000c0000000, 0x00000000d3480000, 0x00000000eab00000)
  object space 315904K, 99% used [0x00000000c0000000,0x00000000d3469808,0x00000000d3480000)
 Metaspace       used 93746K, committed 95296K, reserved 1179648K
  class space    used 9552K, committed 10240K, reserved 1048576K
GC Heap History (20 events):
Event: 578.447 GC heap after
{Heap after GC invocations=1520 (full 36):
 PSYoungGen      total 4608K, used 1024K [0x00000000eab00000, 0x00000000eb500000, 0x0000000100000000)
  eden space 3584K, 0% used [0x00000000eab00000,0x00000000eab00000,0x00000000eae80000)
  from space 1024K, 100% used [0x00000000eb100000,0x00000000eb200000,0x00000000eb200000)
  to   space 2560K, 0% used [0x00000000eae80000,0x00000000eae80000,0x00000000eb100000)
 ParOldGen       total 315904K, used 312235K [0x00000000c0000000, 0x00000000d3480000, 0x00000000eab00000)
  object space 315904K, 98% used [0x00000000c0000000,0x00000000d30ead08,0x00000000d3480000)
 Metaspace       used 93716K, committed 95296K, reserved 1179648K
  class space    used 9552K, committed 10240K, reserved 1048576K
}
Event: 578.475 GC heap before
{Heap before GC invocations=1521 (full 36):
 PSYoungGen      total 4608K, used 4608K [0x00000000eab00000, 0x00000000eb500000, 0x0000000100000000)
  eden space 3584K, 100% used [0x00000000eab00000,0x00000000eae80000,0x00000000eae80000)
  from space 1024K, 100% used [0x00000000eb100000,0x00000000eb200000,0x00000000eb200000)
  to   space 2560K, 0% used [0x00000000eae80000,0x00000000eae80000,0x00000000eb100000)
 ParOldGen       total 315904K, used 312235K [0x00000000c0000000, 0x00000000d3480000, 0x00000000eab00000)
  object space 315904K, 98% used [0x00000000c0000000,0x00000000d30ead08,0x00000000d3480000)
 Metaspace       used 93716K, committed 95296K, reserved 1179648K
  class space    used 9552K, committed 10240K, reserved 1048576K
}
Event: 578.476 GC heap after
{Heap after GC invocations=1521 (full 36):
 PSYoungGen      total 5120K, used 1408K [0x00000000eab00000, 0x00000000eb280000, 0x0000000100000000)
  eden space 3584K, 0% used [0x00000000eab00000,0x00000000eab00000,0x00000000eae80000)
  from space 1536K, 91% used [0x00000000eae80000,0x00000000eafe0000,0x00000000eb000000)
  to   space 2048K, 0% used [0x00000000eb080000,0x00000000eb080000,0x00000000eb280000)
 ParOldGen       total 315904K, used 312483K [0x00000000c0000000, 0x00000000d3480000, 0x00000000eab00000)
  object space 315904K, 98% used [0x00000000c0000000,0x00000000d3128d08,0x00000000d3480000)
 Metaspace       used 93716K, committed 95296K, reserved 1179648K
  class space    used 9552K, committed 10240K, reserved 1048576K
}
Event: 578.516 GC heap before
{Heap before GC invocations=1522 (full 36):
 PSYoungGen      total 5120K, used 4992K [0x00000000eab00000, 0x00000000eb280000, 0x0000000100000000)
  eden space 3584K, 100% used [0x00000000eab00000,0x00000000eae80000,0x00000000eae80000)
  from space 1536K, 91% used [0x00000000eae80000,0x00000000eafe0000,0x00000000eb000000)
  to   space 2048K, 0% used [0x00000000eb080000,0x00000000eb080000,0x00000000eb280000)
 ParOldGen       total 315904K, used 312483K [0x00000000c0000000, 0x00000000d3480000, 0x00000000eab00000)
  object space 315904K, 98% used [0x00000000c0000000,0x00000000d3128d08,0x00000000d3480000)
 Metaspace       used 93716K, committed 95296K, reserved 1179648K
  class space    used 9552K, committed 10240K, reserved 1048576K
}
Event: 578.518 GC heap after
{Heap after GC invocations=1522 (full 36):
 PSYoungGen      total 5120K, used 1408K [0x00000000eab00000, 0x00000000eb200000, 0x0000000100000000)
  eden space 3584K, 0% used [0x00000000eab00000,0x00000000eab00000,0x00000000eae80000)
  from space 1536K, 91% used [0x00000000eb080000,0x00000000eb1e0000,0x00000000eb200000)
  to   space 1536K, 0% used [0x00000000eae80000,0x00000000eae80000,0x00000000eb000000)
 ParOldGen       total 315904K, used 312483K [0x00000000c0000000, 0x00000000d3480000, 0x00000000eab00000)
  object space 315904K, 98% used [0x00000000c0000000,0x00000000d3128d08,0x00000000d3480000)
 Metaspace       used 93716K, committed 95296K, reserved 1179648K
  class space    used 9552K, committed 10240K, reserved 1048576K
}
Event: 578.671 GC heap before
{Heap before GC invocations=1523 (full 36):
 PSYoungGen      total 5120K, used 4992K [0x00000000eab00000, 0x00000000eb200000, 0x0000000100000000)
  eden space 3584K, 100% used [0x00000000eab00000,0x00000000eae80000,0x00000000eae80000)
  from space 1536K, 91% used [0x00000000eb080000,0x00000000eb1e0000,0x00000000eb200000)
  to   space 1536K, 0% used [0x00000000eae80000,0x00000000eae80000,0x00000000eb000000)
 ParOldGen       total 315904K, used 312483K [0x00000000c0000000, 0x00000000d3480000, 0x00000000eab00000)
  object space 315904K, 98% used [0x00000000c0000000,0x00000000d3128d08,0x00000000d3480000)
 Metaspace       used 93718K, committed 95296K, reserved 1179648K
  class space    used 9552K, committed 10240K, reserved 1048576K
}
Event: 578.673 GC heap after
{Heap after GC invocations=1523 (full 36):
 PSYoungGen      total 5120K, used 1536K [0x00000000eab00000, 0x00000000eb280000, 0x0000000100000000)
  eden space 3584K, 0% used [0x00000000eab00000,0x00000000eab00000,0x00000000eae80000)
  from space 1536K, 100% used [0x00000000eae80000,0x00000000eb000000,0x00000000eb000000)
  to   space 2048K, 0% used [0x00000000eb080000,0x00000000eb080000,0x00000000eb280000)
 ParOldGen       total 315904K, used 312483K [0x00000000c0000000, 0x00000000d3480000, 0x00000000eab00000)
  object space 315904K, 98% used [0x00000000c0000000,0x00000000d3128d08,0x00000000d3480000)
 Metaspace       used 93718K, committed 95296K, reserved 1179648K
  class space    used 9552K, committed 10240K, reserved 1048576K
}
Event: 578.686 GC heap before
{Heap before GC invocations=1524 (full 36):
 PSYoungGen      total 5120K, used 5120K [0x00000000eab00000, 0x00000000eb280000, 0x0000000100000000)
  eden space 3584K, 100% used [0x00000000eab00000,0x00000000eae80000,0x00000000eae80000)
  from space 1536K, 100% used [0x00000000eae80000,0x00000000eb000000,0x00000000eb000000)
  to   space 2048K, 0% used [0x00000000eb080000,0x00000000eb080000,0x00000000eb280000)
 ParOldGen       total 315904K, used 312483K [0x00000000c0000000, 0x00000000d3480000, 0x00000000eab00000)
  object space 315904K, 98% used [0x00000000c0000000,0x00000000d3128d08,0x00000000d3480000)
 Metaspace       used 93727K, committed 95296K, reserved 1179648K
  class space    used 9552K, committed 10240K, reserved 1048576K
}
Event: 578.689 GC heap after
{Heap after GC invocations=1524 (full 36):
 PSYoungGen      total 5120K, used 2048K [0x00000000eab00000, 0x00000000eb380000, 0x0000000100000000)
  eden space 3072K, 0% used [0x00000000eab00000,0x00000000eab00000,0x00000000eae00000)
  from space 2048K, 100% used [0x00000000eb080000,0x00000000eb280000,0x00000000eb280000)
  to   space 2560K, 0% used [0x00000000eae00000,0x00000000eae00000,0x00000000eb080000)
 ParOldGen       total 315904K, used 312627K [0x00000000c0000000, 0x00000000d3480000, 0x00000000eab00000)
  object space 315904K, 98% used [0x00000000c0000000,0x00000000d314cd08,0x00000000d3480000)
 Metaspace       used 93727K, committed 95296K, reserved 1179648K
  class space    used 9552K, committed 10240K, reserved 1048576K
}
Event: 578.697 GC heap before
{Heap before GC invocations=1525 (full 36):
 PSYoungGen      total 5120K, used 5120K [0x00000000eab00000, 0x00000000eb380000, 0x0000000100000000)
  eden space 3072K, 100% used [0x00000000eab00000,0x00000000eae00000,0x00000000eae00000)
  from space 2048K, 100% used [0x00000000eb080000,0x00000000eb280000,0x00000000eb280000)
  to   space 2560K, 0% used [0x00000000eae00000,0x00000000eae00000,0x00000000eb080000)
 ParOldGen       total 315904K, used 312627K [0x00000000c0000000, 0x00000000d3480000, 0x00000000eab00000)
  object space 315904K, 98% used [0x00000000c0000000,0x00000000d314cd08,0x00000000d3480000)
 Metaspace       used 93728K, committed 95296K, reserved 1179648K
  class space    used 9552K, committed 10240K, reserved 1048576K
}
Event: 578.699 GC heap after
{Heap after GC invocations=1525 (full 36):
 PSYoungGen      total 5632K, used 1984K [0x00000000eab00000, 0x00000000eb300000, 0x0000000100000000)
  eden space 3072K, 0% used [0x00000000eab00000,0x00000000eab00000,0x00000000eae00000)
  from space 2560K, 77% used [0x00000000eae00000,0x00000000eaff0000,0x00000000eb080000)
  to   space 2560K, 0% used [0x00000000eb080000,0x00000000eb080000,0x00000000eb300000)
 ParOldGen       total 315904K, used 313155K [0x00000000c0000000, 0x00000000d3480000, 0x00000000eab00000)
  object space 315904K, 99% used [0x00000000c0000000,0x00000000d31d0d08,0x00000000d3480000)
 Metaspace       used 93728K, committed 95296K, reserved 1179648K
  class space    used 9552K, committed 10240K, reserved 1048576K
}
Event: 578.708 GC heap before
{Heap before GC invocations=1526 (full 36):
 PSYoungGen      total 5632K, used 5056K [0x00000000eab00000, 0x00000000eb300000, 0x0000000100000000)
  eden space 3072K, 100% used [0x00000000eab00000,0x00000000eae00000,0x00000000eae00000)
  from space 2560K, 77% used [0x00000000eae00000,0x00000000eaff0000,0x00000000eb080000)
  to   space 2560K, 0% used [0x00000000eb080000,0x00000000eb080000,0x00000000eb300000)
 ParOldGen       total 315904K, used 313155K [0x00000000c0000000, 0x00000000d3480000, 0x00000000eab00000)
  object space 315904K, 99% used [0x00000000c0000000,0x00000000d31d0d08,0x00000000d3480000)
 Metaspace       used 93732K, committed 95296K, reserved 1179648K
  class space    used 9552K, committed 10240K, reserved 1048576K
}
Event: 578.711 GC heap after
{Heap after GC invocations=1526 (full 36):
 PSYoungGen      total 5120K, used 1552K [0x00000000eab00000, 0x00000000eb280000, 0x0000000100000000)
  eden space 3072K, 0% used [0x00000000eab00000,0x00000000eab00000,0x00000000eae00000)
  from space 2048K, 75% used [0x00000000eb080000,0x00000000eb204010,0x00000000eb280000)
  to   space 2048K, 0% used [0x00000000eae80000,0x00000000eae80000,0x00000000eb080000)
 ParOldGen       total 315904K, used 313857K [0x00000000c0000000, 0x00000000d3480000, 0x00000000eab00000)
  object space 315904K, 99% used [0x00000000c0000000,0x00000000d3280420,0x00000000d3480000)
 Metaspace       used 93732K, committed 95296K, reserved 1179648K
  class space    used 9552K, committed 10240K, reserved 1048576K
}
Event: 578.720 GC heap before
{Heap before GC invocations=1527 (full 36):
 PSYoungGen      total 5120K, used 4618K [0x00000000eab00000, 0x00000000eb280000, 0x0000000100000000)
  eden space 3072K, 99% used [0x00000000eab00000,0x00000000eadfeaf0,0x00000000eae00000)
  from space 2048K, 75% used [0x00000000eb080000,0x00000000eb204010,0x00000000eb280000)
  to   space 2048K, 0% used [0x00000000eae80000,0x00000000eae80000,0x00000000eb080000)
 ParOldGen       total 315904K, used 313857K [0x00000000c0000000, 0x00000000d3480000, 0x00000000eab00000)
  object space 315904K, 99% used [0x00000000c0000000,0x00000000d3280420,0x00000000d3480000)
 Metaspace       used 93741K, committed 95296K, reserved 1179648K
  class space    used 9552K, committed 10240K, reserved 1048576K
}
Event: 578.723 GC heap after
{Heap after GC invocations=1527 (full 36):
 PSYoungGen      total 5632K, used 1056K [0x00000000eab00000, 0x00000000eb200000, 0x0000000100000000)
  eden space 3584K, 0% used [0x00000000eab00000,0x00000000eab00000,0x00000000eae80000)
  from space 2048K, 51% used [0x00000000eae80000,0x00000000eaf88000,0x00000000eb080000)
  to   space 1536K, 0% used [0x00000000eb080000,0x00000000eb080000,0x00000000eb200000)
 ParOldGen       total 315904K, used 314638K [0x00000000c0000000, 0x00000000d3480000, 0x00000000eab00000)
  object space 315904K, 99% used [0x00000000c0000000,0x00000000d3343808,0x00000000d3480000)
 Metaspace       used 93741K, committed 95296K, reserved 1179648K
  class space    used 9552K, committed 10240K, reserved 1048576K
}
Event: 578.736 GC heap before
{Heap before GC invocations=1528 (full 36):
 PSYoungGen      total 5632K, used 4638K [0x00000000eab00000, 0x00000000eb200000, 0x0000000100000000)
  eden space 3584K, 99% used [0x00000000eab00000,0x00000000eae7f890,0x00000000eae80000)
  from space 2048K, 51% used [0x00000000eae80000,0x00000000eaf88000,0x00000000eb080000)
  to   space 1536K, 0% used [0x00000000eb080000,0x00000000eb080000,0x00000000eb200000)
 ParOldGen       total 315904K, used 314638K [0x00000000c0000000, 0x00000000d3480000, 0x00000000eab00000)
  object space 315904K, 99% used [0x00000000c0000000,0x00000000d3343808,0x00000000d3480000)
 Metaspace       used 93746K, committed 95296K, reserved 1179648K
  class space    used 9552K, committed 10240K, reserved 1048576K
}
Event: 578.738 GC heap after
{Heap after GC invocations=1528 (full 36):
 PSYoungGen      total 4608K, used 912K [0x00000000eab00000, 0x00000000eb180000, 0x0000000100000000)
  eden space 3584K, 0% used [0x00000000eab00000,0x00000000eab00000,0x00000000eae80000)
  from space 1024K, 89% used [0x00000000eb080000,0x00000000eb164010,0x00000000eb180000)
  to   space 1024K, 0% used [0x00000000eaf80000,0x00000000eaf80000,0x00000000eb080000)
 ParOldGen       total 315904K, used 315046K [0x00000000c0000000, 0x00000000d3480000, 0x00000000eab00000)
  object space 315904K, 99% used [0x00000000c0000000,0x00000000d33a9808,0x00000000d3480000)
 Metaspace       used 93746K, committed 95296K, reserved 1179648K
  class space    used 9552K, committed 10240K, reserved 1048576K
}
Event: 578.749 GC heap before
{Heap before GC invocations=1529 (full 36):
 PSYoungGen      total 4608K, used 4496K [0x00000000eab00000, 0x00000000eb180000, 0x0000000100000000)
  eden space 3584K, 99% used [0x00000000eab00000,0x00000000eae7fff8,0x00000000eae80000)
  from space 1024K, 89% used [0x00000000eb080000,0x00000000eb164010,0x00000000eb180000)
  to   space 1024K, 0% used [0x00000000eaf80000,0x00000000eaf80000,0x00000000eb080000)
 ParOldGen       total 315904K, used 315046K [0x00000000c0000000, 0x00000000d3480000, 0x00000000eab00000)
  object space 315904K, 99% used [0x00000000c0000000,0x00000000d33a9808,0x00000000d3480000)
 Metaspace       used 93746K, committed 95296K, reserved 1179648K
  class space    used 9552K, committed 10240K, reserved 1048576K
}
Event: 578.752 GC heap after
{Heap after GC invocations=1529 (full 36):
 PSYoungGen      total 5632K, used 832K [0x00000000eab00000, 0x00000000eb180000, 0x0000000100000000)
  eden space 4608K, 0% used [0x00000000eab00000,0x00000000eab00000,0x00000000eaf80000)
  from space 1024K, 81% used [0x00000000eaf80000,0x00000000eb050000,0x00000000eb080000)
  to   space 1024K, 0% used [0x00000000eb080000,0x00000000eb080000,0x00000000eb180000)
 ParOldGen       total 315904K, used 315814K [0x00000000c0000000, 0x00000000d3480000, 0x00000000eab00000)
  object space 315904K, 99% used [0x00000000c0000000,0x00000000d3469808,0x00000000d3480000)
 Metaspace       used 93746K, committed 95296K, reserved 1179648K
  class space    used 9552K, committed 10240K, reserved 1048576K
}
Event: 578.752 GC heap before
{Heap before GC invocations=1530 (full 37):
 PSYoungGen      total 5632K, used 832K [0x00000000eab00000, 0x00000000eb180000, 0x0000000100000000)
  eden space 4608K, 0% used [0x00000000eab00000,0x00000000eab00000,0x00000000eaf80000)
  from space 1024K, 81% used [0x00000000eaf80000,0x00000000eb050000,0x00000000eb080000)
  to   space 1024K, 0% used [0x00000000eb080000,0x00000000eb080000,0x00000000eb180000)
 ParOldGen       total 315904K, used 315814K [0x00000000c0000000, 0x00000000d3480000, 0x00000000eab00000)
  object space 315904K, 99% used [0x00000000c0000000,0x00000000d3469808,0x00000000d3480000)
 Metaspace       used 93746K, committed 95296K, reserved 1179648K
  class space    used 9552K, committed 10240K, reserved 1048576K
}

